2003.07.20 21:51 B F:\N03-15100-APEA\recitations\2003-Jul-08\Exercise1.java.txt <-- thoffman-SCS /afs/cs.cmu.edu/user/thoffman/www/N03-15100-APEA/recitations/2003-Jul-08 Exercise1.java.txt
2003.07.20 21:51 B F:\N03-15100-APEA\recitations\2003-Jul-08\Exercise2.java.txt <-- thoffman-SCS /afs/cs.cmu.edu/user/thoffman/www/N03-15100-APEA/recitations/2003-Jul-08 Exercise2.java.txt
2003.07.20 21:51 B F:\N03-15100-APEA\recitations\2003-Jul-08\Exercise3.java.txt <-- thoffman-SCS /afs/cs.cmu.edu/user/thoffman/www/N03-15100-APEA/recitations/2003-Jul-08 Exercise3.java.txt
2003.07.20 21:51 B F:\N03-15100-APEA\recitations\2003-Jul-08\index.html <-- thoffman-SCS /afs/cs.cmu.edu/user/thoffman/www/N03-15100-APEA/recitations/2003-Jul-08 index.html
2003.07.20 21:51 B F:\N03-15100-APEA\recitations\2003-Jul-08\Solution1.class <-- thoffman-SCS /afs/cs.cmu.edu/user/thoffman/www/N03-15100-APEA/recitations/2003-Jul-08 Solution1.class
2003.07.20 21:51 B F:\N03-15100-APEA\recitations\2003-Jul-08\Solution1.java.txt <-- thoffman-SCS /afs/cs.cmu.edu/user/thoffman/www/N03-15100-APEA/recitations/2003-Jul-08 Solution1.java.txt
2003.07.20 21:51 B F:\N03-15100-APEA\recitations\2003-Jul-08\Solution2.class <-- thoffman-SCS /afs/cs.cmu.edu/user/thoffman/www/N03-15100-APEA/recitations/2003-Jul-08 Solution2.class
2003.07.20 21:51 B F:\N03-15100-APEA\recitations\2003-Jul-08\Solution2.java.txt <-- thoffman-SCS /afs/cs.cmu.edu/user/thoffman/www/N03-15100-APEA/recitations/2003-Jul-08 Solution2.java.txt
2003.07.20 21:51 B F:\N03-15100-APEA\recitations\2003-Jul-08\Solution3.class <-- thoffman-SCS /afs/cs.cmu.edu/user/thoffman/www/N03-15100-APEA/recitations/2003-Jul-08 Solution3.class
2003.07.20 21:51 B F:\N03-15100-APEA\recitations\2003-Jul-08\Solution3.java.txt <-- thoffman-SCS /afs/cs.cmu.edu/user/thoffman/www/N03-15100-APEA/recitations/2003-Jul-08 Solution3.java.txt
2003.07.25 17:38 B D:\FTP_ROOT\www\N03-15100-APEA\recitations\2003-Jul-08\WS_FTP.LOG --> ux8.sp.cs.cmu.edu /afs/cs.cmu.edu/user/thoffman/www/N03-15100-APEA/recitations/2003-Jul-08 WS_FTP.LOG
2003.07.30 18:48 B D:\FTP_ROOT\www\N03-15100-APEA\recitations\2003-Jul-08\WS_FTP.LOG --> ux8.sp.cs.cmu.edu /afs/cs.cmu.edu/user/thoffman/www/N03-15100-APEA/recitations/2003-Jul-08 WS_FTP.LOG
2003.08.08 09:48 B C:\Documents and Settings\tim\Desktop\F03-15200\recitations\Aug-28\Arrays\Exercise1.java.txt --> 128.2.185.209 /www/F03-15200/recitations/Aug-28/Arrays Exercise1.java.txt
2003.08.08 09:48 B C:\Documents and Settings\tim\Desktop\F03-15200\recitations\Aug-28\Arrays\Exercise2.java.txt --> 128.2.185.209 /www/F03-15200/recitations/Aug-28/Arrays Exercise2.java.txt
2003.08.08 09:48 B C:\Documents and Settings\tim\Desktop\F03-15200\recitations\Aug-28\Arrays\Exercise3.java.txt --> 128.2.185.209 /www/F03-15200/recitations/Aug-28/Arrays Exercise3.java.txt
2003.08.08 09:48 B C:\Documents and Settings\tim\Desktop\F03-15200\recitations\Aug-28\Arrays\Solution1.class --> 128.2.185.209 /www/F03-15200/recitations/Aug-28/Arrays Solution1.class
2003.08.08 09:48 B C:\Documents and Settings\tim\Desktop\F03-15200\recitations\Aug-28\Arrays\Solution1.java.txt --> 128.2.185.209 /www/F03-15200/recitations/Aug-28/Arrays Solution1.java.txt
2003.08.08 09:48 B C:\Documents and Settings\tim\Desktop\F03-15200\recitations\Aug-28\Arrays\Solution2.class --> 128.2.185.209 /www/F03-15200/recitations/Aug-28/Arrays Solution2.class
2003.08.08 09:48 B C:\Documents and Settings\tim\Desktop\F03-15200\recitations\Aug-28\Arrays\Solution2.java.txt --> 128.2.185.209 /www/F03-15200/recitations/Aug-28/Arrays Solution2.java.txt
2003.08.08 09:48 B C:\Documents and Settings\tim\Desktop\F03-15200\recitations\Aug-28\Arrays\Solution3.class --> 128.2.185.209 /www/F03-15200/recitations/Aug-28/Arrays Solution3.class
2003.08.08 09:48 B C:\Documents and Settings\tim\Desktop\F03-15200\recitations\Aug-28\Arrays\Solution3.java.txt --> 128.2.185.209 /www/F03-15200/recitations/Aug-28/Arrays Solution3.java.txt
2003.08.08 09:49 B D:\FTP_ROOT\www\F03-15200\recitations\Aug-28\Arrays\.Index.txt --> ux8.sp.cs.cmu.edu /afs/cs.cmu.edu/user/thoffman/www/F03-15200/recitations/Aug-28/Arrays .Index.txt
2003.08.08 09:49 B D:\FTP_ROOT\www\F03-15200\recitations\Aug-28\Arrays\Exercise1.java.txt --> ux8.sp.cs.cmu.edu /afs/cs.cmu.edu/user/thoffman/www/F03-15200/recitations/Aug-28/Arrays Exercise1.java.txt
2003.08.08 09:49 B D:\FTP_ROOT\www\F03-15200\recitations\Aug-28\Arrays\Exercise2.java.txt --> ux8.sp.cs.cmu.edu /afs/cs.cmu.edu/user/thoffman/www/F03-15200/recitations/Aug-28/Arrays Exercise2.java.txt
2003.08.08 09:49 B D:\FTP_ROOT\www\F03-15200\recitations\Aug-28\Arrays\Exercise3.java.txt --> ux8.sp.cs.cmu.edu /afs/cs.cmu.edu/user/thoffman/www/F03-15200/recitations/Aug-28/Arrays Exercise3.java.txt
2003.08.08 09:49 B D:\FTP_ROOT\www\F03-15200\recitations\Aug-28\Arrays\Solution1.class --> ux8.sp.cs.cmu.edu /afs/cs.cmu.edu/user/thoffman/www/F03-15200/recitations/Aug-28/Arrays Solution1.class
2003.08.08 09:49 B D:\FTP_ROOT\www\F03-15200\recitations\Aug-28\Arrays\Solution1.java.txt --> ux8.sp.cs.cmu.edu /afs/cs.cmu.edu/user/thoffman/www/F03-15200/recitations/Aug-28/Arrays Solution1.java.txt
2003.08.08 09:49 B D:\FTP_ROOT\www\F03-15200\recitations\Aug-28\Arrays\Solution2.class --> ux8.sp.cs.cmu.edu /afs/cs.cmu.edu/user/thoffman/www/F03-15200/recitations/Aug-28/Arrays Solution2.class
2003.08.08 09:49 B D:\FTP_ROOT\www\F03-15200\recitations\Aug-28\Arrays\Solution2.java.txt --> ux8.sp.cs.cmu.edu /afs/cs.cmu.edu/user/thoffman/www/F03-15200/recitations/Aug-28/Arrays Solution2.java.txt
2003.08.08 09:49 B D:\FTP_ROOT\www\F03-15200\recitations\Aug-28\Arrays\Solution3.class --> ux8.sp.cs.cmu.edu /afs/cs.cmu.edu/user/thoffman/www/F03-15200/recitations/Aug-28/Arrays Solution3.class
2003.08.08 09:49 B D:\FTP_ROOT\www\F03-15200\recitations\Aug-28\Arrays\Solution3.java.txt --> ux8.sp.cs.cmu.edu /afs/cs.cmu.edu/user/thoffman/www/F03-15200/recitations/Aug-28/Arrays Solution3.java.txt
2003.08.08 09:49 B D:\FTP_ROOT\www\F03-15200\recitations\Aug-28\Arrays\WS_FTP.LOG --> ux8.sp.cs.cmu.edu /afs/cs.cmu.edu/user/thoffman/www/F03-15200/recitations/Aug-28/Arrays WS_FTP.LOG
2003.08.08 09:49 B D:\FTP_ROOT\www\F03-15200\recitations\Aug-28\Arrays\WS_FTP.LOG --> ux8.sp.cs.cmu.edu /afs/cs.cmu.edu/user/thoffman/www/F03-15200/recitations/Aug-28/Arrays WS_FTP.LOG
2003.08.23 01:58 B D:\myDocs\Academic\CMU\ux8.sp.cs.cmu.edu\F03-15200\recitations\Aug-28\Arrays\WS_FTP.LOG --> ux8.sp.cs.cmu.edu /afs/cs.cmu.edu/user/thoffman/www/F03-15200/recitations/Aug-28/Arrays WS_FTP.LOG
2003.08.23 02:01 B D:\myDocs\Academic\CMU\ux8.sp.cs.cmu.edu\F03-15200\recitations\Aug-28\Arrays\.Index.txt --> ux8.sp.cs.cmu.edu /afs/cs.cmu.edu/user/thoffman/www/F03-15200/recitations/Aug-28/Arrays .Index.txt
2003.08.23 02:01 B D:\myDocs\Academic\CMU\ux8.sp.cs.cmu.edu\F03-15200\recitations\Aug-28\Arrays\Exercise1.java.txt --> ux8.sp.cs.cmu.edu /afs/cs.cmu.edu/user/thoffman/www/F03-15200/recitations/Aug-28/Arrays Exercise1.java.txt
2003.08.23 02:01 B D:\myDocs\Academic\CMU\ux8.sp.cs.cmu.edu\F03-15200\recitations\Aug-28\Arrays\Exercise2.java.txt --> ux8.sp.cs.cmu.edu /afs/cs.cmu.edu/user/thoffman/www/F03-15200/recitations/Aug-28/Arrays Exercise2.java.txt
2003.08.23 02:01 B D:\myDocs\Academic\CMU\ux8.sp.cs.cmu.edu\F03-15200\recitations\Aug-28\Arrays\Exercise3.java.txt --> ux8.sp.cs.cmu.edu /afs/cs.cmu.edu/user/thoffman/www/F03-15200/recitations/Aug-28/Arrays Exercise3.java.txt
2003.08.23 02:01 B D:\myDocs\Academic\CMU\ux8.sp.cs.cmu.edu\F03-15200\recitations\Aug-28\Arrays\Solution1.class --> ux8.sp.cs.cmu.edu /afs/cs.cmu.edu/user/thoffman/www/F03-15200/recitations/Aug-28/Arrays Solution1.class
2003.08.23 02:01 B D:\myDocs\Academic\CMU\ux8.sp.cs.cmu.edu\F03-15200\recitations\Aug-28\Arrays\Solution1.java.txt --> ux8.sp.cs.cmu.edu /afs/cs.cmu.edu/user/thoffman/www/F03-15200/recitations/Aug-28/Arrays Solution1.java.txt
2003.08.23 02:01 B D:\myDocs\Academic\CMU\ux8.sp.cs.cmu.edu\F03-15200\recitations\Aug-28\Arrays\Solution2.class --> ux8.sp.cs.cmu.edu /afs/cs.cmu.edu/user/thoffman/www/F03-15200/recitations/Aug-28/Arrays Solution2.class
2003.08.23 02:01 B D:\myDocs\Academic\CMU\ux8.sp.cs.cmu.edu\F03-15200\recitations\Aug-28\Arrays\Solution2.java.txt --> ux8.sp.cs.cmu.edu /afs/cs.cmu.edu/user/thoffman/www/F03-15200/recitations/Aug-28/Arrays Solution2.java.txt
2003.08.23 02:01 B D:\myDocs\Academic\CMU\ux8.sp.cs.cmu.edu\F03-15200\recitations\Aug-28\Arrays\Solution3.class --> ux8.sp.cs.cmu.edu /afs/cs.cmu.edu/user/thoffman/www/F03-15200/recitations/Aug-28/Arrays Solution3.class
2003.08.23 02:01 B D:\myDocs\Academic\CMU\ux8.sp.cs.cmu.edu\F03-15200\recitations\Aug-28\Arrays\Solution3.java.txt --> ux8.sp.cs.cmu.edu /afs/cs.cmu.edu/user/thoffman/www/F03-15200/recitations/Aug-28/Arrays Solution3.java.txt
2003.08.23 02:01 B D:\myDocs\Academic\CMU\ux8.sp.cs.cmu.edu\F03-15200\recitations\Aug-28\Arrays\WS_FTP.LOG --> ux8.sp.cs.cmu.edu /afs/cs.cmu.edu/user/thoffman/www/F03-15200/recitations/Aug-28/Arrays WS_FTP.LOG
2003.08.25 00:28 B D:\myDocs\Academic\CMU\ux8.sp.cs.cmu.edu\F03-15200\recitations\Aug-28\Arrays\WS_FTP.LOG --> ux8.sp.cs.cmu.edu /afs/cs.cmu.edu/user/thoffman/www/F03-15200/recitations/Aug-28/Arrays WS_FTP.LOG
2003.08.25 00:29 B D:\myDocs\Academic\CMU\ux8.sp.cs.cmu.edu\F03-15200\recitations\Aug-28\Arrays\.Index.txt --> ux8.sp.cs.cmu.edu /afs/cs.cmu.edu/user/thoffman/www/F03-15200/recitations/Aug-28/Arrays .Index.txt
2003.08.25 00:29 B D:\myDocs\Academic\CMU\ux8.sp.cs.cmu.edu\F03-15200\recitations\Aug-28\Arrays\Exercise1.java.txt --> ux8.sp.cs.cmu.edu /afs/cs.cmu.edu/user/thoffman/www/F03-15200/recitations/Aug-28/Arrays Exercise1.java.txt
2003.08.25 00:29 B D:\myDocs\Academic\CMU\ux8.sp.cs.cmu.edu\F03-15200\recitations\Aug-28\Arrays\Exercise2.java.txt --> ux8.sp.cs.cmu.edu /afs/cs.cmu.edu/user/thoffman/www/F03-15200/recitations/Aug-28/Arrays Exercise2.java.txt
2003.08.25 00:29 B D:\myDocs\Academic\CMU\ux8.sp.cs.cmu.edu\F03-15200\recitations\Aug-28\Arrays\Exercise3.java.txt --> ux8.sp.cs.cmu.edu /afs/cs.cmu.edu/user/thoffman/www/F03-15200/recitations/Aug-28/Arrays Exercise3.java.txt
2003.08.25 00:29 B D:\myDocs\Academic\CMU\ux8.sp.cs.cmu.edu\F03-15200\recitations\Aug-28\Arrays\Solution1.class --> ux8.sp.cs.cmu.edu /afs/cs.cmu.edu/user/thoffman/www/F03-15200/recitations/Aug-28/Arrays Solution1.class
2003.08.25 00:29 B D:\myDocs\Academic\CMU\ux8.sp.cs.cmu.edu\F03-15200\recitations\Aug-28\Arrays\Solution1.java.txt --> ux8.sp.cs.cmu.edu /afs/cs.cmu.edu/user/thoffman/www/F03-15200/recitations/Aug-28/Arrays Solution1.java.txt
2003.08.25 00:29 B D:\myDocs\Academic\CMU\ux8.sp.cs.cmu.edu\F03-15200\recitations\Aug-28\Arrays\Solution2.class --> ux8.sp.cs.cmu.edu /afs/cs.cmu.edu/user/thoffman/www/F03-15200/recitations/Aug-28/Arrays Solution2.class
2003.08.25 00:29 B D:\myDocs\Academic\CMU\ux8.sp.cs.cmu.edu\F03-15200\recitations\Aug-28\Arrays\Solution2.java.txt --> ux8.sp.cs.cmu.edu /afs/cs.cmu.edu/user/thoffman/www/F03-15200/recitations/Aug-28/Arrays Solution2.java.txt
2003.08.25 00:29 B D:\myDocs\Academic\CMU\ux8.sp.cs.cmu.edu\F03-15200\recitations\Aug-28\Arrays\Solution3.class --> ux8.sp.cs.cmu.edu /afs/cs.cmu.edu/user/thoffman/www/F03-15200/recitations/Aug-28/Arrays Solution3.class
2003.08.25 00:29 B D:\myDocs\Academic\CMU\ux8.sp.cs.cmu.edu\F03-15200\recitations\Aug-28\Arrays\Solution3.java.txt --> ux8.sp.cs.cmu.edu /afs/cs.cmu.edu/user/thoffman/www/F03-15200/recitations/Aug-28/Arrays Solution3.java.txt
2003.08.26 14:14 B D:\FTP_ROOT\www\F03-15200\recitations\Aug-28\Arrays\WS_FTP.LOG <-- thoffman-SCS /afs/cs.cmu.edu/user/thoffman/www/F03-15200/recitations/Aug-28/Arrays WS_FTP.LOG
2003.08.27 22:48 B D:\myDocs\Academic\CMU\ux8.sp.cs.cmu.edu\F03-15200\recitations\Aug-28\Arrays\.Index.txt --> ux8.sp.cs.cmu.edu /afs/cs.cmu.edu/user/thoffman/www/F03-15200/recitations/Aug-28/Arrays .Index.txt
2003.08.27 22:48 B D:\myDocs\Academic\CMU\ux8.sp.cs.cmu.edu\F03-15200\recitations\Aug-28\Arrays\Exercise1.java.txt --> ux8.sp.cs.cmu.edu /afs/cs.cmu.edu/user/thoffman/www/F03-15200/recitations/Aug-28/Arrays Exercise1.java.txt
2003.08.27 22:48 B D:\myDocs\Academic\CMU\ux8.sp.cs.cmu.edu\F03-15200\recitations\Aug-28\Arrays\Exercise2.java.txt --> ux8.sp.cs.cmu.edu /afs/cs.cmu.edu/user/thoffman/www/F03-15200/recitations/Aug-28/Arrays Exercise2.java.txt
2003.08.27 22:48 B D:\myDocs\Academic\CMU\ux8.sp.cs.cmu.edu\F03-15200\recitations\Aug-28\Arrays\Exercise3.java.txt --> ux8.sp.cs.cmu.edu /afs/cs.cmu.edu/user/thoffman/www/F03-15200/recitations/Aug-28/Arrays Exercise3.java.txt
2003.08.27 22:48 B D:\myDocs\Academic\CMU\ux8.sp.cs.cmu.edu\F03-15200\recitations\Aug-28\Arrays\Solution1.class --> ux8.sp.cs.cmu.edu /afs/cs.cmu.edu/user/thoffman/www/F03-15200/recitations/Aug-28/Arrays Solution1.class
2003.08.27 22:48 B D:\myDocs\Academic\CMU\ux8.sp.cs.cmu.edu\F03-15200\recitations\Aug-28\Arrays\Solution1.java.txt --> ux8.sp.cs.cmu.edu /afs/cs.cmu.edu/user/thoffman/www/F03-15200/recitations/Aug-28/Arrays Solution1.java.txt
2003.08.27 22:48 B D:\myDocs\Academic\CMU\ux8.sp.cs.cmu.edu\F03-15200\recitations\Aug-28\Arrays\Solution2.class --> ux8.sp.cs.cmu.edu /afs/cs.cmu.edu/user/thoffman/www/F03-15200/recitations/Aug-28/Arrays Solution2.class
2003.08.27 22:48 B D:\myDocs\Academic\CMU\ux8.sp.cs.cmu.edu\F03-15200\recitations\Aug-28\Arrays\Solution2.java.txt --> ux8.sp.cs.cmu.edu /afs/cs.cmu.edu/user/thoffman/www/F03-15200/recitations/Aug-28/Arrays Solution2.java.txt
2003.08.27 22:48 B D:\myDocs\Academic\CMU\ux8.sp.cs.cmu.edu\F03-15200\recitations\Aug-28\Arrays\Solution3.class --> ux8.sp.cs.cmu.edu /afs/cs.cmu.edu/user/thoffman/www/F03-15200/recitations/Aug-28/Arrays Solution3.class
2003.08.27 22:48 B D:\myDocs\Academic\CMU\ux8.sp.cs.cmu.edu\F03-15200\recitations\Aug-28\Arrays\Solution3.java.txt --> ux8.sp.cs.cmu.edu /afs/cs.cmu.edu/user/thoffman/www/F03-15200/recitations/Aug-28/Arrays Solution3.java.txt
2003.08.29 15:32 B D:\www-root\ux8.sp.cs.cmu.edu-backup\www\F03-15200\recitations\Aug-28\Arrays\WS_FTP.LOG <-- ux8.sp.cs.cmu.edu /afs/cs.cmu.edu/user/thoffman/www/F03-15200/recitations/Aug-28/Arrays WS_FTP.LOG
